# JRE version: Java(TM) SE Runtime Environment (7.0_40-b43) (build 1.7.0_40-b43)
# Java VM: Java HotSpot(TM) 64-Bit Server VM (24.0-b56 mixed mode windows-amd64 compressed oops)
Heap
 PSYoungGen      total 302592K, used 35085K [0x00000000eaa80000, 0x0000000100000000, 0x0000000100000000)
  eden space 273920K, 12% used [0x00000000eaa80000,0x00000000eccc3428,0x00000000fb600000)
  from space 28672K, 0% used [0x00000000fe400000,0x00000000fe400000,0x0000000100000000)
  to   space 37888K, 0% used [0x00000000fb600000,0x00000000fb600000,0x00000000fdb00000)
 ParOldGen       total 135168K, used 72168K [0x00000000c0000000, 0x00000000c8400000, 0x00000000eaa80000)
  object space 135168K, 53% used [0x00000000c0000000,0x00000000c467a2e8,0x00000000c8400000)
 PSPermGen       total 114688K, used 75588K [0x00000000b0000000, 0x00000000b7000000, 0x00000000c0000000)
  object space 114688K, 65% used [0x00000000b0000000,0x00000000b49d1388,0x00000000b7000000)
GC Heap History (10 events):
Event: 104.959 GC heap before
{Heap before GC invocations=12 (full 2):
 PSYoungGen      total 276480K, used 253952K [0x00000000eaa80000, 0x0000000100000000, 0x0000000100000000)
  eden space 253952K, 100% used [0x00000000eaa80000,0x00000000fa280000,0x00000000fa280000)
  from space 22528K, 0% used [0x00000000fa280000,0x00000000fa280000,0x00000000fb880000)
  to   space 24064K, 0% used [0x00000000fe880000,0x00000000fe880000,0x0000000100000000)
 ParOldGen       total 72192K, used 38503K [0x00000000c0000000, 0x00000000c4680000, 0x00000000eaa80000)
  object space 72192K, 53% used [0x00000000c0000000,0x00000000c2599e68,0x00000000c4680000)
 PSPermGen       total 92160K, used 55707K [0x00000000b0000000, 0x00000000b5a00000, 0x00000000c0000000)
  object space 92160K, 60% used [0x00000000b0000000,0x00000000b3666f88,0x00000000b5a00000)
Event: 104.992 GC heap after
Heap after GC invocations=12 (full 2):
 PSYoungGen      total 316416K, used 24058K [0x00000000eaa80000, 0x0000000100000000, 0x0000000100000000)
  eden space 292352K, 0% used [0x00000000eaa80000,0x00000000eaa80000,0x00000000fc800000)
  from space 24064K, 99% used [0x00000000fe880000,0x00000000ffffe898,0x0000000100000000)
  to   space 28672K, 0% used [0x00000000fc800000,0x00000000fc800000,0x00000000fe400000)
 ParOldGen       total 72192K, used 41380K [0x00000000c0000000, 0x00000000c4680000, 0x00000000eaa80000)
  object space 72192K, 57% used [0x00000000c0000000,0x00000000c2869068,0x00000000c4680000)
 PSPermGen       total 92160K, used 55707K [0x00000000b0000000, 0x00000000b5a00000, 0x00000000c0000000)
  object space 92160K, 60% used [0x00000000b0000000,0x00000000b3666f88,0x00000000b5a00000)
}
Event: 143.693 GC heap before
{Heap before GC invocations=13 (full 2):
 PSYoungGen      total 316416K, used 316410K [0x00000000eaa80000, 0x0000000100000000, 0x0000000100000000)
  eden space 292352K, 100% used [0x00000000eaa80000,0x00000000fc800000,0x00000000fc800000)
  from space 24064K, 99% used [0x00000000fe880000,0x00000000ffffe898,0x0000000100000000)
  to   space 28672K, 0% used [0x00000000fc800000,0x00000000fc800000,0x00000000fe400000)
 ParOldGen       total 72192K, used 41380K [0x00000000c0000000, 0x00000000c4680000, 0x00000000eaa80000)
  object space 72192K, 57% used [0x00000000c0000000,0x00000000c2869068,0x00000000c4680000)
 PSPermGen       total 92160K, used 65150K [0x00000000b0000000, 0x00000000b5a00000, 0x00000000c0000000)
  object space 92160K, 70% used [0x00000000b0000000,0x00000000b3f9fb78,0x00000000b5a00000)
Event: 143.736 GC heap after
Heap after GC invocations=13 (full 2):
 PSYoungGen      total 321024K, used 28671K [0x00000000eaa80000, 0x0000000100000000, 0x0000000100000000)
  eden space 292352K, 0% used [0x00000000eaa80000,0x00000000eaa80000,0x00000000fc800000)
  from space 28672K, 99% used [0x00000000fc800000,0x00000000fe3ffeb8,0x00000000fe400000)
  to   space 28672K, 0% used [0x00000000fe400000,0x00000000fe400000,0x0000000100000000)
 ParOldGen       total 72192K, used 55085K [0x00000000c0000000, 0x00000000c4680000, 0x00000000eaa80000)
  object space 72192K, 76% used [0x00000000c0000000,0x00000000c35cb408,0x00000000c4680000)
 PSPermGen       total 92160K, used 65150K [0x00000000b0000000, 0x00000000b5a00000, 0x00000000c0000000)
  object space 92160K, 70% used [0x00000000b0000000,0x00000000b3f9fb78,0x00000000b5a00000)
}
Event: 145.287 GC heap before
{Heap before GC invocations=14 (full 2):
 PSYoungGen      total 321024K, used 72101K [0x00000000eaa80000, 0x0000000100000000, 0x0000000100000000)
  eden space 292352K, 14% used [0x00000000eaa80000,0x00000000ed4e9608,0x00000000fc800000)
  from space 28672K, 99% used [0x00000000fc800000,0x00000000fe3ffeb8,0x00000000fe400000)
  to   space 28672K, 0% used [0x00000000fe400000,0x00000000fe400000,0x0000000100000000)
 ParOldGen       total 72192K, used 55085K [0x00000000c0000000, 0x00000000c4680000, 0x00000000eaa80000)
  object space 72192K, 76% used [0x00000000c0000000,0x00000000c35cb408,0x00000000c4680000)
 PSPermGen       total 92160K, used 66217K [0x00000000b0000000, 0x00000000b5a00000, 0x00000000c0000000)
  object space 92160K, 71% used [0x00000000b0000000,0x00000000b40aa7f0,0x00000000b5a00000)
Event: 145.316 GC heap after
Heap after GC invocations=14 (full 2):
 PSYoungGen      total 302592K, used 18525K [0x00000000eaa80000, 0x0000000100000000, 0x0000000100000000)
  eden space 273920K, 0% used [0x00000000eaa80000,0x00000000eaa80000,0x00000000fb600000)
  from space 28672K, 64% used [0x00000000fe400000,0x00000000ff617438,0x0000000100000000)
  to   space 37888K, 0% used [0x00000000fb600000,0x00000000fb600000,0x00000000fdb00000)
 ParOldGen       total 72192K, used 67660K [0x00000000c0000000, 0x00000000c4680000, 0x00000000eaa80000)
  object space 72192K, 93% used [0x00000000c0000000,0x00000000c4213350,0x00000000c4680000)
 PSPermGen       total 92160K, used 66217K [0x00000000b0000000, 0x00000000b5a00000, 0x00000000c0000000)
  object space 92160K, 71% used [0x00000000b0000000,0x00000000b40aa7f0,0x00000000b5a00000)
}
Event: 145.316 GC heap before
{Heap before GC invocations=15 (full 3):
 PSYoungGen      total 302592K, used 18525K [0x00000000eaa80000, 0x0000000100000000, 0x0000000100000000)
  eden space 273920K, 0% used [0x00000000eaa80000,0x00000000eaa80000,0x00000000fb600000)
  from space 28672K, 64% used [0x00000000fe400000,0x00000000ff617438,0x0000000100000000)
  to   space 37888K, 0% used [0x00000000fb600000,0x00000000fb600000,0x00000000fdb00000)
 ParOldGen       total 72192K, used 67660K [0x00000000c0000000, 0x00000000c4680000, 0x00000000eaa80000)
  object space 72192K, 93% used [0x00000000c0000000,0x00000000c4213350,0x00000000c4680000)
 PSPermGen       total 92160K, used 66217K [0x00000000b0000000, 0x00000000b5a00000, 0x00000000c0000000)
  object space 92160K, 71% used [0x00000000b0000000,0x00000000b40aa7f0,0x00000000b5a00000)
Event: 146.031 GC heap after
Heap after GC invocations=15 (full 3):
 PSYoungGen      total 302592K, used 0K [0x00000000eaa80000, 0x0000000100000000, 0x0000000100000000)
  eden space 273920K, 0% used [0x00000000eaa80000,0x00000000eaa80000,0x00000000fb600000)
  from space 28672K, 0% used [0x00000000fe400000,0x00000000fe400000,0x0000000100000000)
  to   space 37888K, 0% used [0x00000000fb600000,0x00000000fb600000,0x00000000fdb00000)
 ParOldGen       total 72192K, used 66985K [0x00000000c0000000, 0x00000000c4680000, 0x00000000eaa80000)
  object space 72192K, 92% used [0x00000000c0000000,0x00000000c416a570,0x00000000c4680000)
 PSPermGen       total 105472K, used 66133K [0x00000000b0000000, 0x00000000b6700000, 0x00000000c0000000)
  object space 105472K, 62% used [0x00000000b0000000,0x00000000b4095748,0x00000000b6700000)
}
Event: 227.568 GC heap before
{Heap before GC invocations=16 (full 4):
 PSYoungGen      total 302592K, used 273920K [0x00000000eaa80000, 0x0000000100000000, 0x0000000100000000)
  eden space 273920K, 100% used [0x00000000eaa80000,0x00000000fb600000,0x00000000fb600000)
  from space 28672K, 0% used [0x00000000fe400000,0x00000000fe400000,0x0000000100000000)
  to   space 37888K, 0% used [0x00000000fb600000,0x00000000fb600000,0x00000000fdb00000)
 ParOldGen       total 72192K, used 66985K [0x00000000c0000000, 0x00000000c4680000, 0x00000000eaa80000)
  object space 72192K, 92% used [0x00000000c0000000,0x00000000c416a570,0x00000000c4680000)
 PSPermGen       total 105472K, used 75629K [0x00000000b0000000, 0x00000000b6700000, 0x00000000c0000000)
  object space 105472K, 71% used [0x00000000b0000000,0x00000000b49db648,0x00000000b6700000)
Event: 228.322 GC heap after
Heap after GC invocations=16 (full 4):
 PSYoungGen      total 302592K, used 16429K [0x00000000eaa80000, 0x0000000100000000, 0x0000000100000000)
  eden space 273920K, 5% used [0x00000000eaa80000,0x00000000eba8b468,0x00000000fb600000)
  from space 28672K, 0% used [0x00000000fe400000,0x00000000fe400000,0x0000000100000000)
  to   space 37888K, 0% used [0x00000000fb600000,0x00000000fb600000,0x00000000fdb00000)
 ParOldGen       total 135168K, used 72168K [0x00000000c0000000, 0x00000000c8400000, 0x00000000eaa80000)
  object space 135168K, 53% used [0x00000000c0000000,0x00000000c467a2e8,0x00000000c8400000)
 PSPermGen       total 114688K, used 75588K [0x00000000b0000000, 0x00000000b7000000, 0x00000000c0000000)
  object space 114688K, 65% used [0x00000000b0000000,0x00000000b49d1368,0x00000000b7000000)
}

