# JRE version: Java(TM) SE Runtime Environment (7.0_40-b43) (build 1.7.0_40-b43)
# Java VM: Java HotSpot(TM) 64-Bit Server VM (24.0-b56 mixed mode windows-amd64 compressed oops)
Heap
 PSYoungGen      total 270848K, used 10753K [0x00000000eaa80000, 0x0000000100000000, 0x0000000100000000)
  eden space 259584K, 1% used [0x00000000eaa80000,0x00000000eaf8b5f8,0x00000000fa800000)
  from space 11264K, 49% used [0x00000000fa800000,0x00000000fad74fc0,0x00000000fb300000)
  to   space 24064K, 0% used [0x00000000fe880000,0x00000000fe880000,0x0000000100000000)
 ParOldGen       total 86016K, used 44174K [0x00000000c0000000, 0x00000000c5400000, 0x00000000eaa80000)
  object space 86016K, 51% used [0x00000000c0000000,0x00000000c2b239a0,0x00000000c5400000)
 PSPermGen       total 80384K, used 40073K [0x00000000b0000000, 0x00000000b4e80000, 0x00000000c0000000)
  object space 80384K, 49% used [0x00000000b0000000,0x00000000b2722690,0x00000000b4e80000)
GC Heap History (10 events):
Event: 10.013 GC heap before
{Heap before GC invocations=6 (full 0):
 PSYoungGen      total 68096K, used 68072K [0x00000000eaa80000, 0x00000000f3c80000, 0x0000000100000000)
  eden space 65536K, 100% used [0x00000000eaa80000,0x00000000eea80000,0x00000000eea80000)
  from space 2560K, 99% used [0x00000000eea80000,0x00000000eecfa0e0,0x00000000eed00000)
  to   space 9216K, 0% used [0x00000000f3380000,0x00000000f3380000,0x00000000f3c80000)
 ParOldGen       total 42496K, used 13744K [0x00000000c0000000, 0x00000000c2980000, 0x00000000eaa80000)
  object space 42496K, 32% used [0x00000000c0000000,0x00000000c0d6c1a0,0x00000000c2980000)
 PSPermGen       total 21504K, used 21196K [0x00000000b0000000, 0x00000000b1500000, 0x00000000c0000000)
  object space 21504K, 98% used [0x00000000b0000000,0x00000000b14b30b0,0x00000000b1500000)
Event: 10.019 GC heap after
Heap after GC invocations=6 (full 0):
 PSYoungGen      total 140288K, used 2920K [0x00000000eaa80000, 0x00000000f3c80000, 0x0000000100000000)
  eden space 131072K, 0% used [0x00000000eaa80000,0x00000000eaa80000,0x00000000f2a80000)
  from space 9216K, 31% used [0x00000000f3380000,0x00000000f365a0c0,0x00000000f3c80000)
  to   space 9216K, 0% used [0x00000000f2a80000,0x00000000f2a80000,0x00000000f3380000)
 ParOldGen       total 42496K, used 13752K [0x00000000c0000000, 0x00000000c2980000, 0x00000000eaa80000)
  object space 42496K, 32% used [0x00000000c0000000,0x00000000c0d6e1a0,0x00000000c2980000)
 PSPermGen       total 21504K, used 21196K [0x00000000b0000000, 0x00000000b1500000, 0x00000000c0000000)
  object space 21504K, 98% used [0x00000000b0000000,0x00000000b14b30b0,0x00000000b1500000)
}
Event: 10.630 GC heap before
{Heap before GC invocations=7 (full 0):
 PSYoungGen      total 140288K, used 133992K [0x00000000eaa80000, 0x00000000f3c80000, 0x0000000100000000)
  eden space 131072K, 100% used [0x00000000eaa80000,0x00000000f2a80000,0x00000000f2a80000)
  from space 9216K, 31% used [0x00000000f3380000,0x00000000f365a0c0,0x00000000f3c80000)
  to   space 9216K, 0% used [0x00000000f2a80000,0x00000000f2a80000,0x00000000f3380000)
 ParOldGen       total 42496K, used 13752K [0x00000000c0000000, 0x00000000c2980000, 0x00000000eaa80000)
  object space 42496K, 32% used [0x00000000c0000000,0x00000000c0d6e1a0,0x00000000c2980000)
 PSPermGen       total 21504K, used 21226K [0x00000000b0000000, 0x00000000b1500000, 0x00000000c0000000)
  object space 21504K, 98% used [0x00000000b0000000,0x00000000b14baa48,0x00000000b1500000)
Event: 10.656 GC heap after
Heap after GC invocations=7 (full 0):
 PSYoungGen      total 140288K, used 3096K [0x00000000eaa80000, 0x00000000fbb80000, 0x0000000100000000)
  eden space 131072K, 0% used [0x00000000eaa80000,0x00000000eaa80000,0x00000000f2a80000)
  from space 9216K, 33% used [0x00000000f2a80000,0x00000000f2d860d0,0x00000000f3380000)
  to   space 8704K, 0% used [0x00000000fb300000,0x00000000fb300000,0x00000000fbb80000)
 ParOldGen       total 42496K, used 14180K [0x00000000c0000000, 0x00000000c2980000, 0x00000000eaa80000)
  object space 42496K, 33% used [0x00000000c0000000,0x00000000c0dd91f0,0x00000000c2980000)
 PSPermGen       total 21504K, used 21226K [0x00000000b0000000, 0x00000000b1500000, 0x00000000c0000000)
  object space 21504K, 98% used [0x00000000b0000000,0x00000000b14baa48,0x00000000b1500000)
}
Event: 13.126 GC heap before
{Heap before GC invocations=8 (full 0):
 PSYoungGen      total 140288K, used 134168K [0x00000000eaa80000, 0x00000000fbb80000, 0x0000000100000000)
  eden space 131072K, 100% used [0x00000000eaa80000,0x00000000f2a80000,0x00000000f2a80000)
  from space 9216K, 33% used [0x00000000f2a80000,0x00000000f2d860d0,0x00000000f3380000)
  to   space 8704K, 0% used [0x00000000fb300000,0x00000000fb300000,0x00000000fbb80000)
 ParOldGen       total 42496K, used 14180K [0x00000000c0000000, 0x00000000c2980000, 0x00000000eaa80000)
  object space 42496K, 33% used [0x00000000c0000000,0x00000000c0dd91f0,0x00000000c2980000)
 PSPermGen       total 25600K, used 25213K [0x00000000b0000000, 0x00000000b1900000, 0x00000000c0000000)
  object space 25600K, 98% used [0x00000000b0000000,0x00000000b189f570,0x00000000b1900000)
Event: 13.154 GC heap after
Heap after GC invocations=8 (full 0):
 PSYoungGen      total 268288K, used 8690K [0x00000000eaa80000, 0x00000000fc080000, 0x0000000100000000)
  eden space 259584K, 0% used [0x00000000eaa80000,0x00000000eaa80000,0x00000000fa800000)
  from space 8704K, 99% used [0x00000000fb300000,0x00000000fbb7c940,0x00000000fbb80000)
  to   space 11264K, 0% used [0x00000000fa800000,0x00000000fa800000,0x00000000fb300000)
 ParOldGen       total 42496K, used 17146K [0x00000000c0000000, 0x00000000c2980000, 0x00000000eaa80000)
  object space 42496K, 40% used [0x00000000c0000000,0x00000000c10be828,0x00000000c2980000)
 PSPermGen       total 25600K, used 25213K [0x00000000b0000000, 0x00000000b1900000, 0x00000000c0000000)
  object space 25600K, 98% used [0x00000000b0000000,0x00000000b189f570,0x00000000b1900000)
}
Event: 30.645 GC heap before
{Heap before GC invocations=9 (full 0):
 PSYoungGen      total 268288K, used 268274K [0x00000000eaa80000, 0x00000000fc080000, 0x0000000100000000)
  eden space 259584K, 100% used [0x00000000eaa80000,0x00000000fa800000,0x00000000fa800000)
  from space 8704K, 99% used [0x00000000fb300000,0x00000000fbb7c940,0x00000000fbb80000)
  to   space 11264K, 0% used [0x00000000fa800000,0x00000000fa800000,0x00000000fb300000)
 ParOldGen       total 42496K, used 17146K [0x00000000c0000000, 0x00000000c2980000, 0x00000000eaa80000)
  object space 42496K, 40% used [0x00000000c0000000,0x00000000c10be828,0x00000000c2980000)
 PSPermGen       total 40448K, used 40047K [0x00000000b0000000, 0x00000000b2780000, 0x00000000c0000000)
  object space 40448K, 99% used [0x00000000b0000000,0x00000000b271be88,0x00000000b2780000)
Event: 30.868 GC heap after
Heap after GC invocations=9 (full 0):
 PSYoungGen      total 270848K, used 11232K [0x00000000eaa80000, 0x0000000100000000, 0x0000000100000000)
  eden space 259584K, 0% used [0x00000000eaa80000,0x00000000eaa80000,0x00000000fa800000)
  from space 11264K, 99% used [0x00000000fa800000,0x00000000fb2f8320,0x00000000fb300000)
  to   space 24064K, 0% used [0x00000000fe880000,0x00000000fe880000,0x0000000100000000)
 ParOldGen       total 44544K, used 44280K [0x00000000c0000000, 0x00000000c2b80000, 0x00000000eaa80000)
  object space 44544K, 99% used [0x00000000c0000000,0x00000000c2b3e1c8,0x00000000c2b80000)
 PSPermGen       total 40448K, used 40047K [0x00000000b0000000, 0x00000000b2780000, 0x00000000c0000000)
  object space 40448K, 99% used [0x00000000b0000000,0x00000000b271be88,0x00000000b2780000)
}
Event: 30.868 GC heap before
{Heap before GC invocations=10 (full 1):
 PSYoungGen      total 270848K, used 11232K [0x00000000eaa80000, 0x0000000100000000, 0x0000000100000000)
  eden space 259584K, 0% used [0x00000000eaa80000,0x00000000eaa80000,0x00000000fa800000)
  from space 11264K, 99% used [0x00000000fa800000,0x00000000fb2f8320,0x00000000fb300000)
  to   space 24064K, 0% used [0x00000000fe880000,0x00000000fe880000,0x0000000100000000)
 ParOldGen       total 44544K, used 44280K [0x00000000c0000000, 0x00000000c2b80000, 0x00000000eaa80000)
  object space 44544K, 99% used [0x00000000c0000000,0x00000000c2b3e1c8,0x00000000c2b80000)
 PSPermGen       total 40448K, used 40047K [0x00000000b0000000, 0x00000000b2780000, 0x00000000c0000000)
  object space 40448K, 99% used [0x00000000b0000000,0x00000000b271be88,0x00000000b2780000)
Event: 31.704 GC heap after
Heap after GC invocations=10 (full 1):
 PSYoungGen      total 270848K, used 5587K [0x00000000eaa80000, 0x0000000100000000, 0x0000000100000000)
  eden space 259584K, 0% used [0x00000000eaa80000,0x00000000eaa80000,0x00000000fa800000)
  from space 11264K, 49% used [0x00000000fa800000,0x00000000fad74fc0,0x00000000fb300000)
  to   space 24064K, 0% used [0x00000000fe880000,0x00000000fe880000,0x0000000100000000)
 ParOldGen       total 86016K, used 44174K [0x00000000c0000000, 0x00000000c5400000, 0x00000000eaa80000)
  object space 86016K, 51% used [0x00000000c0000000,0x00000000c2b239a0,0x00000000c5400000)
 PSPermGen       total 80384K, used 40026K [0x00000000b0000000, 0x00000000b4e80000, 0x00000000c0000000)
  object space 80384K, 49% used [0x00000000b0000000,0x00000000b2716800,0x00000000b4e80000)
}

